<?xml version="1.0" encoding="UTF-8"?>
<testng-results ignored="0" total="1" passed="1" failed="0" skipped="0">
  <reporter-output>
  </reporter-output>
  <suite started-at="2024-06-13T11:55:24 IST" name="Default suite" finished-at="2024-06-13T11:55:24 IST" duration-ms="73">
    <groups>
    </groups>
    <test started-at="2024-06-13T11:55:24 IST" name="Default test" finished-at="2024-06-13T11:55:24 IST" duration-ms="73">
      <class name="com.crm.BaseClass.MS">
        <test-method is-config="true" signature="bs()[pri:0, instance:com.crm.BaseClass.MS@4c60d6e9]" started-at="2024-06-13T11:55:24 IST" name="bs" finished-at="2024-06-13T11:55:24 IST" duration-ms="19" status="PASS">
          <reporter-output>
          </reporter-output>
        </test-method> <!-- bs -->
        <test-method is-config="true" signature="bt()[pri:0, instance:com.crm.BaseClass.MS@4c60d6e9]" started-at="2024-06-13T11:55:24 IST" name="bt" finished-at="2024-06-13T11:55:24 IST" duration-ms="1" status="PASS">
          <reporter-output>
          </reporter-output>
        </test-method> <!-- bt -->
        <test-method is-config="true" signature="bm()[pri:0, instance:com.crm.BaseClass.MS@4c60d6e9]" started-at="2024-06-13T11:55:24 IST" name="bm" finished-at="2024-06-13T11:55:24 IST" duration-ms="2" status="PASS">
          <reporter-output>
          </reporter-output>
        </test-method> <!-- bm -->
        <test-method signature="m1()[pri:0, instance:com.crm.BaseClass.MS@4c60d6e9]" started-at="2024-06-13T11:55:24 IST" name="m1" finished-at="2024-06-13T11:55:24 IST" duration-ms="8" status="PASS">
          <reporter-output>
          </reporter-output>
        </test-method> <!-- m1 -->
      </class> <!-- com.crm.BaseClass.MS -->
    </test> <!-- Default test -->
  </suite> <!-- Default suite -->
</testng-results>
