<?xml version="1.0" encoding="UTF-8"?>
<!-- Generated by org.testng.reporters.JUnitXMLReporter -->
<testsuite ignored="1" hostname="LAPTOP-B8011UK4" failures="0" tests="2" name="TestRunner_2(failed)" time="41.815" errors="0" timestamp="2024-06-12T21:37:47 IST">
  <testcase classname="com.vtiger.crm.orgtest.CreateOrgTest" name="createOrgWithMandField" time="10.595"/>
  <testcase classname="com.vtiger.crm.orgtest.CreateOrgTest" name="createOrgwithIndustry" time="11.586"/>
  <testcase classname="com.vtiger.crm.orgtest.CreateOrgTest" name="createOrgwithMobileNum" time="0.0">
    <ignored/>
  </testcase> <!-- createOrgwithMobileNum -->
</testsuite> <!-- TestRunner_2(failed) -->
