<?xml version="1.0" encoding="UTF-8"?>
<!-- Generated by org.testng.reporters.JUnitXMLReporter -->
<testsuite ignored="0" hostname="LAPTOP-B8011UK4" failures="0" tests="4" name="Test1" time="80.225" errors="0" timestamp="2024-06-17T14:42:54 IST">
  <testcase classname="com.vtiger.crm.orgtest.CreateOrgTest" name="createOrgWithMandField" time="13.953"/>
  <testcase classname="com.vtiger.crm.orgtest.CreateOrgTest" name="createOrgwithIndustry" time="13.496"/>
  <testcase classname="com.vtiger.crm.orgtest.CreateOrgTest" name="createOrgwithMobileNum" time="13.946"/>
  <testcase classname="com.vtiger.crm.orgtest.CreateOrgTest" name="m" time="0.008"/>
</testsuite> <!-- Test1 -->
