<?xml version="1.0" encoding="UTF-8"?>
<!-- Generated by org.testng.reporters.JUnitXMLReporter -->
<testsuite ignored="2" hostname="LAPTOP-B8011UK4" failures="0" tests="7" name="Test" time="82.668" errors="0" timestamp="2024-06-17T14:49:41 IST">
  <testcase classname="com.vtiger.crm.orgtest.CreateOrgTest" name="createOrgWithMandField" time="13.161"/>
  <testcase classname="com.vtiger.crm.contacttest.CreateContactTest" name="createConWithOrgTest" time="30.272"/>
  <testcase classname="com.vtiger.crm.orgtest.CreateOrgTest" name="createOrgwithIndustry" time="15.066"/>
  <testcase classname="com.vtiger.crm.contacttest.CreateContactTest" name="createConWithSupportDate" time="15.189"/>
  <testcase classname="com.vtiger.crm.orgtest.CreateOrgTest" name="createOrgwithMobileNum" time="14.9"/>
  <testcase classname="com.vtiger.crm.orgtest.CreateOrgTest" name="m" time="0.008"/>
  <testcase classname="com.vtiger.crm.contacttest.CreateContactTest" name="createContactWithLastName" time="14.29"/>
  <testcase classname="com.crm.BaseClass.BaseClass" name="@BeforeSuite beforesuite" time="0.0">
    <ignored/>
  </testcase> <!-- @BeforeSuite beforesuite -->
  <testcase classname="com.crm.BaseClass.BaseClass" name="@AfterSuite aftersuite" time="0.0">
    <ignored/>
  </testcase> <!-- @AfterSuite aftersuite -->
</testsuite> <!-- Test -->
