<?xml version="1.0" encoding="UTF-8"?>
<!-- Generated by org.testng.reporters.JUnitXMLReporter -->
<testsuite ignored="2" hostname="LAPTOP-B8011UK4" failures="0" tests="6" name="Test" time="83.094" errors="0" timestamp="2024-06-07T12:47:48 IST">
  <testcase classname="com.vtiger.crm.orgtest.CreateOrgTest" name="createOrgWithMandField" time="14.708"/>
  <testcase classname="com.vtiger.crm.contacttest.CreateContactTest" name="createConWithOrgTest" time="31.408"/>
  <testcase classname="com.vtiger.crm.orgtest.CreateOrgTest" name="createOrgwithIndustry" time="14.808"/>
  <testcase classname="com.vtiger.crm.contacttest.CreateContactTest" name="createConWithSupportDate" time="14.749"/>
  <testcase classname="com.vtiger.crm.orgtest.CreateOrgTest" name="createOrgwithMobileNum" time="13.438"/>
  <testcase classname="com.vtiger.crm.contacttest.CreateContactTest" name="createContactWithLastName" time="10.923"/>
  <testcase classname="com.crm.BaseClass.BaseClass" name="@AfterSuite aftersuite" time="0.0">
    <ignored/>
  </testcase> <!-- @AfterSuite aftersuite -->
  <testcase classname="com.crm.BaseClass.BaseClass" name="@BeforeSuite beforesuite" time="0.0">
    <ignored/>
  </testcase> <!-- @BeforeSuite beforesuite -->
</testsuite> <!-- Test -->
