<?xml version="1.0" encoding="UTF-8"?>
<!-- Generated by org.testng.reporters.JUnitXMLReporter -->
<testsuite ignored="2" hostname="LAPTOP-B8011UK4" failures="0" tests="1" name="Test3" time="35.677" errors="0" timestamp="2024-06-04T18:17:24 IST">
  <testcase classname="com.vtiger.crm.orgtest.CreateOrgTest" name="createOrgwithMobileNum" time="20.496"/>
  <testcase classname="com.vtiger.crm.orgtest.CreateOrgTest" name="createOrgWithMandField" time="0.0">
    <ignored/>
  </testcase> <!-- createOrgWithMandField -->
  <testcase classname="com.vtiger.crm.orgtest.CreateOrgTest" name="createOrgwithIndustry" time="0.0">
    <ignored/>
  </testcase> <!-- createOrgwithIndustry -->
</testsuite> <!-- Test3 -->
