<?xml version="1.0" encoding="UTF-8"?>
<!-- Generated by org.testng.reporters.JUnitXMLReporter -->
<testsuite ignored="0" hostname="LAPTOP-B8011UK4" failures="0" tests="3" name="TestRunner_1" time="69.581" errors="0" timestamp="2024-06-12T21:31:23 IST">
  <testcase classname="com.vtiger.crm.orgtest.CreateOrgTest" name="createOrgWithMandField" time="16.171"/>
  <testcase classname="com.vtiger.crm.orgtest.CreateOrgTest" name="createOrgwithIndustry" time="13.649"/>
  <testcase classname="com.vtiger.crm.orgtest.CreateOrgTest" name="createOrgwithMobileNum" time="12.997"/>
</testsuite> <!-- TestRunner_1 -->
