<?xml version="1.0" encoding="UTF-8"?>
<!-- Generated by org.testng.reporters.JUnitXMLReporter -->
<testsuite ignored="0" hostname="LAPTOP-B8011UK4" failures="0" tests="3" name="Test2" time="84.606" errors="0" timestamp="2024-06-17T14:42:58 IST">
  <testcase classname="com.vtiger.crm.contacttest.CreateContactTest" name="createConWithOrgTest" time="29.862"/>
  <testcase classname="com.vtiger.crm.contacttest.CreateContactTest" name="createConWithSupportDate" time="16.956"/>
  <testcase classname="com.vtiger.crm.contacttest.CreateContactTest" name="createContactWithLastName" time="12.259"/>
</testsuite> <!-- Test2 -->
